<?xml version="1.0" encoding="UTF-8"?>
<!-- Generated by org.testng.reporters.JUnitReportReporter -->
<testsuite skipped="0" hostname="jayaswimac-mtp.medschool.local" name="com.testScripts.IndegeneTestScripts4" tests="1" failures="0" timestamp="25 Jan 2019 13:47:14 GMT" time="9411.579" errors="0">
  <testcase name="f" time="9411.579" classname="com.testScripts.IndegeneTestScripts4"/>
</testsuite> <!-- com.testScripts.IndegeneTestScripts4 -->
