<?xml version="1.0" encoding="UTF-8"?>
<!-- Generated by org.testng.reporters.JUnitReportReporter -->
<testsuite skipped="0" hostname="jayaswimac-mtp.medschool.local" name="com.testScripts.IndegeneTestScripts3" tests="1" failures="0" timestamp="18 Jan 2019 12:59:07 GMT" time="3816.768" errors="0">
  <testcase name="f" time="3816.768" classname="com.testScripts.IndegeneTestScripts3"/>
</testsuite> <!-- com.testScripts.IndegeneTestScripts3 -->
