<?xml version="1.0" encoding="UTF-8"?>
<!-- Generated by org.testng.reporters.JUnitReportReporter -->
<testsuite skipped="0" hostname="jayaswimac-mtp.medschool.local" name="com.testScripts.IndegeneTestScripts2" tests="1" failures="0" timestamp="18 Jan 2019 11:50:07 GMT" time="1852.455" errors="0">
  <testcase name="f" time="1852.455" classname="com.testScripts.IndegeneTestScripts2"/>
</testsuite> <!-- com.testScripts.IndegeneTestScripts2 -->
