<?xml version="1.0" encoding="UTF-8"?>
<!-- Generated by org.testng.reporters.JUnitReportReporter -->
<testsuite skipped="0" hostname="jayaswimac-mtp.medschool.local" name="com.testScripts.IndegeneTestScripts5" tests="1" failures="0" timestamp="22 Jan 2019 11:17:08 GMT" time="5059.443" errors="0">
  <testcase name="f" time="5059.443" classname="com.testScripts.IndegeneTestScripts5"/>
</testsuite> <!-- com.testScripts.IndegeneTestScripts5 -->
